<?xml version="1.0" encoding="UTF-8" ?>
<testsuite tests="8" failures="0" name="by.nichipor.taxiservice.test.dao.OrderDAOImplTest" time="3.992" errors="0" skipped="0">
  <properties>
[...]
</properties>
  <testcase classname="by.nichipor.taxiservice.test.dao.OrderDAOImplTest" name="changeOrderStatus" time="0.223"/>
  <testcase classname="by.nichipor.taxiservice.test.dao.OrderDAOImplTest" name="findAllOrdersTest" time="0.193"/>
  <testcase classname="by.nichipor.taxiservice.test.dao.OrderDAOImplTest" name="addOrderTest" time="0.2"/>
  <testcase classname="by.nichipor.taxiservice.test.dao.OrderDAOImplTest" name="deleteOrderTest" time="0.201"/>
  <testcase classname="by.nichipor.taxiservice.test.dao.OrderDAOImplTest" name="findAllUsersOrdersTest" time="0.185"/>
  <testcase classname="by.nichipor.taxiservice.test.dao.OrderDAOImplTest" name="findAllAcceptedUserOrdersTest" time="0.193"/>
  <testcase classname="by.nichipor.taxiservice.test.dao.OrderDAOImplTest" name="findOrderByIdTest" time="0.191"/>
  <testcase classname="by.nichipor.taxiservice.test.dao.OrderDAOImplTest" name="findOrdersByPhoneTest" time="0.199"/>
</testsuite>